<?xml version="1.0" encoding="UTF-8"?>
<testsuite xmlns:xsi="http://www.w3.org/2001/XMLSchema-instance" xsi:noNamespaceSchemaLocation="https://maven.apache.org/surefire/maven-failsafe-plugin/xsd/failsafe-test-report-3.0.xsd" version="3.0" name="com.safetynet.childAlert.ChildAlertIT" time="26.226" tests="4" errors="0" skipped="0" failures="0">
  <properties>
    <property name="java.specification.version" value="17"/>
    <property name="sun.cpu.isalist" value="amd64"/>
    <property name="sun.jnu.encoding" value="Cp1252"/>
    <property name="java.class.path" value="C:\Users\AGOUROU GUSTAVE\Downloads\Open Classroom\P5\safetynet-alerts\target\test-classes;C:\Users\AGOUROU GUSTAVE\Downloads\Open Classroom\P5\safetynet-alerts\target\classes;C:\Users\AGOUROU GUSTAVE\.m2\repository\org\springframework\boot\spring-boot-starter-web\3.5.3\spring-boot-starter-web-3.5.3.jar;C:\Users\AGOUROU GUSTAVE\.m2\repository\org\springframework\boot\spring-boot-starter\3.5.3\spring-boot-starter-3.5.3.jar;C:\Users\AGOUROU GUSTAVE\.m2\repository\org\springframework\boot\spring-boot-starter-logging\3.5.3\spring-boot-starter-logging-3.5.3.jar;C:\Users\AGOUROU GUSTAVE\.m2\repository\ch\qos\logback\logback-classic\1.5.18\logback-classic-1.5.18.jar;C:\Users\AGOUROU GUSTAVE\.m2\repository\ch\qos\logback\logback-core\1.5.18\logback-core-1.5.18.jar;C:\Users\AGOUROU GUSTAVE\.m2\repository\org\apache\logging\log4j\log4j-to-slf4j\2.24.3\log4j-to-slf4j-2.24.3.jar;C:\Users\AGOUROU GUSTAVE\.m2\repository\org\slf4j\jul-to-slf4j\2.0.17\jul-to-slf4j-2.0.17.jar;C:\Users\AGOUROU GUSTAVE\.m2\repository\jakarta\annotation\jakarta.annotation-api\2.1.1\jakarta.annotation-api-2.1.1.jar;C:\Users\AGOUROU GUSTAVE\.m2\repository\org\yaml\snakeyaml\2.4\snakeyaml-2.4.jar;C:\Users\AGOUROU GUSTAVE\.m2\repository\org\springframework\boot\spring-boot-starter-json\3.5.3\spring-boot-starter-json-3.5.3.jar;C:\Users\AGOUROU GUSTAVE\.m2\repository\com\fasterxml\jackson\core\jackson-databind\2.19.1\jackson-databind-2.19.1.jar;C:\Users\AGOUROU GUSTAVE\.m2\repository\com\fasterxml\jackson\core\jackson-annotations\2.19.1\jackson-annotations-2.19.1.jar;C:\Users\AGOUROU GUSTAVE\.m2\repository\com\fasterxml\jackson\core\jackson-core\2.19.1\jackson-core-2.19.1.jar;C:\Users\AGOUROU GUSTAVE\.m2\repository\com\fasterxml\jackson\datatype\jackson-datatype-jdk8\2.19.1\jackson-datatype-jdk8-2.19.1.jar;C:\Users\AGOUROU GUSTAVE\.m2\repository\com\fasterxml\jackson\datatype\jackson-datatype-jsr310\2.19.1\jackson-datatype-jsr310-2.19.1.jar;C:\Users\AGOUROU GUSTAVE\.m2\repository\com\fasterxml\jackson\module\jackson-module-parameter-names\2.19.1\jackson-module-parameter-names-2.19.1.jar;C:\Users\AGOUROU GUSTAVE\.m2\repository\org\springframework\boot\spring-boot-starter-tomcat\3.5.3\spring-boot-starter-tomcat-3.5.3.jar;C:\Users\AGOUROU GUSTAVE\.m2\repository\org\apache\tomcat\embed\tomcat-embed-core\10.1.42\tomcat-embed-core-10.1.42.jar;C:\Users\AGOUROU GUSTAVE\.m2\repository\org\apache\tomcat\embed\tomcat-embed-websocket\10.1.42\tomcat-embed-websocket-10.1.42.jar;C:\Users\AGOUROU GUSTAVE\.m2\repository\org\springframework\spring-web\6.2.8\spring-web-6.2.8.jar;C:\Users\AGOUROU GUSTAVE\.m2\repository\org\springframework\spring-beans\6.2.8\spring-beans-6.2.8.jar;C:\Users\AGOUROU GUSTAVE\.m2\repository\org\springframework\spring-webmvc\6.2.8\spring-webmvc-6.2.8.jar;C:\Users\AGOUROU GUSTAVE\.m2\repository\org\springframework\spring-aop\6.2.8\spring-aop-6.2.8.jar;C:\Users\AGOUROU GUSTAVE\.m2\repository\org\springframework\spring-context\6.2.8\spring-context-6.2.8.jar;C:\Users\AGOUROU GUSTAVE\.m2\repository\org\springframework\spring-expression\6.2.8\spring-expression-6.2.8.jar;C:\Users\AGOUROU GUSTAVE\.m2\repository\org\springframework\boot\spring-boot-starter-actuator\3.5.3\spring-boot-starter-actuator-3.5.3.jar;C:\Users\AGOUROU GUSTAVE\.m2\repository\org\springframework\boot\spring-boot-actuator-autoconfigure\3.5.3\spring-boot-actuator-autoconfigure-3.5.3.jar;C:\Users\AGOUROU GUSTAVE\.m2\repository\org\springframework\boot\spring-boot-actuator\3.5.3\spring-boot-actuator-3.5.3.jar;C:\Users\AGOUROU GUSTAVE\.m2\repository\io\micrometer\micrometer-observation\1.15.1\micrometer-observation-1.15.1.jar;C:\Users\AGOUROU GUSTAVE\.m2\repository\io\micrometer\micrometer-commons\1.15.1\micrometer-commons-1.15.1.jar;C:\Users\AGOUROU GUSTAVE\.m2\repository\io\micrometer\micrometer-jakarta9\1.15.1\micrometer-jakarta9-1.15.1.jar;C:\Users\AGOUROU GUSTAVE\.m2\repository\io\micrometer\micrometer-core\1.15.1\micrometer-core-1.15.1.jar;C:\Users\AGOUROU GUSTAVE\.m2\repository\org\hdrhistogram\HdrHistogram\2.2.2\HdrHistogram-2.2.2.jar;C:\Users\AGOUROU GUSTAVE\.m2\repository\org\latencyutils\LatencyUtils\2.0.3\LatencyUtils-2.0.3.jar;C:\Users\AGOUROU GUSTAVE\.m2\repository\org\springframework\boot\spring-boot-starter-validation\3.5.3\spring-boot-starter-validation-3.5.3.jar;C:\Users\AGOUROU GUSTAVE\.m2\repository\org\apache\tomcat\embed\tomcat-embed-el\10.1.42\tomcat-embed-el-10.1.42.jar;C:\Users\AGOUROU GUSTAVE\.m2\repository\org\hibernate\validator\hibernate-validator\8.0.2.Final\hibernate-validator-8.0.2.Final.jar;C:\Users\AGOUROU GUSTAVE\.m2\repository\jakarta\validation\jakarta.validation-api\3.0.2\jakarta.validation-api-3.0.2.jar;C:\Users\AGOUROU GUSTAVE\.m2\repository\org\jboss\logging\jboss-logging\3.6.1.Final\jboss-logging-3.6.1.Final.jar;C:\Users\AGOUROU GUSTAVE\.m2\repository\com\fasterxml\classmate\1.7.0\classmate-1.7.0.jar;C:\Users\AGOUROU GUSTAVE\.m2\repository\org\springframework\boot\spring-boot-starter-log4j2\3.5.3\spring-boot-starter-log4j2-3.5.3.jar;C:\Users\AGOUROU GUSTAVE\.m2\repository\org\apache\logging\log4j\log4j-slf4j2-impl\2.24.3\log4j-slf4j2-impl-2.24.3.jar;C:\Users\AGOUROU GUSTAVE\.m2\repository\org\apache\logging\log4j\log4j-api\2.24.3\log4j-api-2.24.3.jar;C:\Users\AGOUROU GUSTAVE\.m2\repository\org\slf4j\slf4j-api\2.0.17\slf4j-api-2.0.17.jar;C:\Users\AGOUROU GUSTAVE\.m2\repository\org\apache\logging\log4j\log4j-core\2.24.3\log4j-core-2.24.3.jar;C:\Users\AGOUROU GUSTAVE\.m2\repository\org\apache\logging\log4j\log4j-jul\2.24.3\log4j-jul-2.24.3.jar;C:\Users\AGOUROU GUSTAVE\.m2\repository\org\projectlombok\lombok\1.18.38\lombok-1.18.38.jar;C:\Users\AGOUROU GUSTAVE\.m2\repository\org\springframework\boot\spring-boot-devtools\3.5.3\spring-boot-devtools-3.5.3.jar;C:\Users\AGOUROU GUSTAVE\.m2\repository\org\springframework\boot\spring-boot\3.5.3\spring-boot-3.5.3.jar;C:\Users\AGOUROU GUSTAVE\.m2\repository\org\springframework\boot\spring-boot-autoconfigure\3.5.3\spring-boot-autoconfigure-3.5.3.jar;C:\Users\AGOUROU GUSTAVE\.m2\repository\org\springdoc\springdoc-openapi-starter-webmvc-ui\2.2.0\springdoc-openapi-starter-webmvc-ui-2.2.0.jar;C:\Users\AGOUROU GUSTAVE\.m2\repository\org\springdoc\springdoc-openapi-starter-webmvc-api\2.2.0\springdoc-openapi-starter-webmvc-api-2.2.0.jar;C:\Users\AGOUROU GUSTAVE\.m2\repository\org\springdoc\springdoc-openapi-starter-common\2.2.0\springdoc-openapi-starter-common-2.2.0.jar;C:\Users\AGOUROU GUSTAVE\.m2\repository\io\swagger\core\v3\swagger-core-jakarta\2.2.15\swagger-core-jakarta-2.2.15.jar;C:\Users\AGOUROU GUSTAVE\.m2\repository\org\apache\commons\commons-lang3\3.17.0\commons-lang3-3.17.0.jar;C:\Users\AGOUROU GUSTAVE\.m2\repository\io\swagger\core\v3\swagger-annotations-jakarta\2.2.15\swagger-annotations-jakarta-2.2.15.jar;C:\Users\AGOUROU GUSTAVE\.m2\repository\io\swagger\core\v3\swagger-models-jakarta\2.2.15\swagger-models-jakarta-2.2.15.jar;C:\Users\AGOUROU GUSTAVE\.m2\repository\com\fasterxml\jackson\dataformat\jackson-dataformat-yaml\2.19.1\jackson-dataformat-yaml-2.19.1.jar;C:\Users\AGOUROU GUSTAVE\.m2\repository\org\webjars\swagger-ui\5.2.0\swagger-ui-5.2.0.jar;C:\Users\AGOUROU GUSTAVE\.m2\repository\org\springframework\boot\spring-boot-starter-test\3.5.3\spring-boot-starter-test-3.5.3.jar;C:\Users\AGOUROU GUSTAVE\.m2\repository\org\springframework\boot\spring-boot-test\3.5.3\spring-boot-test-3.5.3.jar;C:\Users\AGOUROU GUSTAVE\.m2\repository\org\springframework\boot\spring-boot-test-autoconfigure\3.5.3\spring-boot-test-autoconfigure-3.5.3.jar;C:\Users\AGOUROU GUSTAVE\.m2\repository\com\jayway\jsonpath\json-path\2.9.0\json-path-2.9.0.jar;C:\Users\AGOUROU GUSTAVE\.m2\repository\jakarta\xml\bind\jakarta.xml.bind-api\4.0.2\jakarta.xml.bind-api-4.0.2.jar;C:\Users\AGOUROU GUSTAVE\.m2\repository\jakarta\activation\jakarta.activation-api\2.1.3\jakarta.activation-api-2.1.3.jar;C:\Users\AGOUROU GUSTAVE\.m2\repository\net\minidev\json-smart\2.5.2\json-smart-2.5.2.jar;C:\Users\AGOUROU GUSTAVE\.m2\repository\net\minidev\accessors-smart\2.5.2\accessors-smart-2.5.2.jar;C:\Users\AGOUROU GUSTAVE\.m2\repository\org\ow2\asm\asm\9.7.1\asm-9.7.1.jar;C:\Users\AGOUROU GUSTAVE\.m2\repository\org\awaitility\awaitility\4.2.2\awaitility-4.2.2.jar;C:\Users\AGOUROU GUSTAVE\.m2\repository\org\hamcrest\hamcrest\3.0\hamcrest-3.0.jar;C:\Users\AGOUROU GUSTAVE\.m2\repository\org\junit\jupiter\junit-jupiter\5.12.2\junit-jupiter-5.12.2.jar;C:\Users\AGOUROU GUSTAVE\.m2\repository\org\junit\jupiter\junit-jupiter-api\5.12.2\junit-jupiter-api-5.12.2.jar;C:\Users\AGOUROU GUSTAVE\.m2\repository\org\opentest4j\opentest4j\1.3.0\opentest4j-1.3.0.jar;C:\Users\AGOUROU GUSTAVE\.m2\repository\org\junit\platform\junit-platform-commons\1.12.2\junit-platform-commons-1.12.2.jar;C:\Users\AGOUROU GUSTAVE\.m2\repository\org\apiguardian\apiguardian-api\1.1.2\apiguardian-api-1.1.2.jar;C:\Users\AGOUROU GUSTAVE\.m2\repository\org\junit\jupiter\junit-jupiter-params\5.12.2\junit-jupiter-params-5.12.2.jar;C:\Users\AGOUROU GUSTAVE\.m2\repository\org\junit\jupiter\junit-jupiter-engine\5.12.2\junit-jupiter-engine-5.12.2.jar;C:\Users\AGOUROU GUSTAVE\.m2\repository\org\junit\platform\junit-platform-engine\1.12.2\junit-platform-engine-1.12.2.jar;C:\Users\AGOUROU GUSTAVE\.m2\repository\org\mockito\mockito-core\5.17.0\mockito-core-5.17.0.jar;C:\Users\AGOUROU GUSTAVE\.m2\repository\net\bytebuddy\byte-buddy-agent\1.17.6\byte-buddy-agent-1.17.6.jar;C:\Users\AGOUROU GUSTAVE\.m2\repository\org\objenesis\objenesis\3.3\objenesis-3.3.jar;C:\Users\AGOUROU GUSTAVE\.m2\repository\org\mockito\mockito-junit-jupiter\5.17.0\mockito-junit-jupiter-5.17.0.jar;C:\Users\AGOUROU GUSTAVE\.m2\repository\org\skyscreamer\jsonassert\1.5.3\jsonassert-1.5.3.jar;C:\Users\AGOUROU GUSTAVE\.m2\repository\com\vaadin\external\google\android-json\0.0.20131108.vaadin1\android-json-0.0.20131108.vaadin1.jar;C:\Users\AGOUROU GUSTAVE\.m2\repository\org\springframework\spring-core\6.2.8\spring-core-6.2.8.jar;C:\Users\AGOUROU GUSTAVE\.m2\repository\org\springframework\spring-jcl\6.2.8\spring-jcl-6.2.8.jar;C:\Users\AGOUROU GUSTAVE\.m2\repository\org\springframework\spring-test\6.2.8\spring-test-6.2.8.jar;C:\Users\AGOUROU GUSTAVE\.m2\repository\org\xmlunit\xmlunit-core\2.10.2\xmlunit-core-2.10.2.jar;C:\Users\AGOUROU GUSTAVE\.m2\repository\org\assertj\assertj-core\3.27.3\assertj-core-3.27.3.jar;C:\Users\AGOUROU GUSTAVE\.m2\repository\net\bytebuddy\byte-buddy\1.17.6\byte-buddy-1.17.6.jar;"/>
    <property name="java.vm.vendor" value="Eclipse Adoptium"/>
    <property name="sun.arch.data.model" value="64"/>
    <property name="user.variant" value=""/>
    <property name="java.vendor.url" value="https://adoptium.net/"/>
    <property name="user.timezone" value="Europe/Paris"/>
    <property name="org.jboss.logging.provider" value="slf4j"/>
    <property name="user.country.format" value="NC"/>
    <property name="os.name" value="Windows 10"/>
    <property name="java.vm.specification.version" value="17"/>
    <property name="APPLICATION_NAME" value="safetynet-alerts"/>
    <property name="sun.java.launcher" value="SUN_STANDARD"/>
    <property name="user.country" value="FR"/>
    <property name="sun.boot.library.path" value="C:\Users\AGOUROU GUSTAVE\AppData\Roaming\Code\User\globalStorage\pleiades.java-extension-pack-jdk\java\17\bin"/>
    <property name="sun.java.command" value="C:\Users\AGOUROU GUSTAVE\AppData\Local\Temp\surefire12884582303513636755\surefirebooter-20250730002904444_3.jar C:\Users\AGOUROU GUSTAVE\AppData\Local\Temp\surefire12884582303513636755 2025-07-30T00-29-04_079-jvmRun1 surefire-20250730002904444_1tmp surefire_0-20250730002904444_2tmp"/>
    <property name="jdk.debug" value="release"/>
    <property name="surefire.test.class.path" value="C:\Users\AGOUROU GUSTAVE\Downloads\Open Classroom\P5\safetynet-alerts\target\test-classes;C:\Users\AGOUROU GUSTAVE\Downloads\Open Classroom\P5\safetynet-alerts\target\classes;C:\Users\AGOUROU GUSTAVE\.m2\repository\org\springframework\boot\spring-boot-starter-web\3.5.3\spring-boot-starter-web-3.5.3.jar;C:\Users\AGOUROU GUSTAVE\.m2\repository\org\springframework\boot\spring-boot-starter\3.5.3\spring-boot-starter-3.5.3.jar;C:\Users\AGOUROU GUSTAVE\.m2\repository\org\springframework\boot\spring-boot-starter-logging\3.5.3\spring-boot-starter-logging-3.5.3.jar;C:\Users\AGOUROU GUSTAVE\.m2\repository\ch\qos\logback\logback-classic\1.5.18\logback-classic-1.5.18.jar;C:\Users\AGOUROU GUSTAVE\.m2\repository\ch\qos\logback\logback-core\1.5.18\logback-core-1.5.18.jar;C:\Users\AGOUROU GUSTAVE\.m2\repository\org\apache\logging\log4j\log4j-to-slf4j\2.24.3\log4j-to-slf4j-2.24.3.jar;C:\Users\AGOUROU GUSTAVE\.m2\repository\org\slf4j\jul-to-slf4j\2.0.17\jul-to-slf4j-2.0.17.jar;C:\Users\AGOUROU GUSTAVE\.m2\repository\jakarta\annotation\jakarta.annotation-api\2.1.1\jakarta.annotation-api-2.1.1.jar;C:\Users\AGOUROU GUSTAVE\.m2\repository\org\yaml\snakeyaml\2.4\snakeyaml-2.4.jar;C:\Users\AGOUROU GUSTAVE\.m2\repository\org\springframework\boot\spring-boot-starter-json\3.5.3\spring-boot-starter-json-3.5.3.jar;C:\Users\AGOUROU GUSTAVE\.m2\repository\com\fasterxml\jackson\core\jackson-databind\2.19.1\jackson-databind-2.19.1.jar;C:\Users\AGOUROU GUSTAVE\.m2\repository\com\fasterxml\jackson\core\jackson-annotations\2.19.1\jackson-annotations-2.19.1.jar;C:\Users\AGOUROU GUSTAVE\.m2\repository\com\fasterxml\jackson\core\jackson-core\2.19.1\jackson-core-2.19.1.jar;C:\Users\AGOUROU GUSTAVE\.m2\repository\com\fasterxml\jackson\datatype\jackson-datatype-jdk8\2.19.1\jackson-datatype-jdk8-2.19.1.jar;C:\Users\AGOUROU GUSTAVE\.m2\repository\com\fasterxml\jackson\datatype\jackson-datatype-jsr310\2.19.1\jackson-datatype-jsr310-2.19.1.jar;C:\Users\AGOUROU GUSTAVE\.m2\repository\com\fasterxml\jackson\module\jackson-module-parameter-names\2.19.1\jackson-module-parameter-names-2.19.1.jar;C:\Users\AGOUROU GUSTAVE\.m2\repository\org\springframework\boot\spring-boot-starter-tomcat\3.5.3\spring-boot-starter-tomcat-3.5.3.jar;C:\Users\AGOUROU GUSTAVE\.m2\repository\org\apache\tomcat\embed\tomcat-embed-core\10.1.42\tomcat-embed-core-10.1.42.jar;C:\Users\AGOUROU GUSTAVE\.m2\repository\org\apache\tomcat\embed\tomcat-embed-websocket\10.1.42\tomcat-embed-websocket-10.1.42.jar;C:\Users\AGOUROU GUSTAVE\.m2\repository\org\springframework\spring-web\6.2.8\spring-web-6.2.8.jar;C:\Users\AGOUROU GUSTAVE\.m2\repository\org\springframework\spring-beans\6.2.8\spring-beans-6.2.8.jar;C:\Users\AGOUROU GUSTAVE\.m2\repository\org\springframework\spring-webmvc\6.2.8\spring-webmvc-6.2.8.jar;C:\Users\AGOUROU GUSTAVE\.m2\repository\org\springframework\spring-aop\6.2.8\spring-aop-6.2.8.jar;C:\Users\AGOUROU GUSTAVE\.m2\repository\org\springframework\spring-context\6.2.8\spring-context-6.2.8.jar;C:\Users\AGOUROU GUSTAVE\.m2\repository\org\springframework\spring-expression\6.2.8\spring-expression-6.2.8.jar;C:\Users\AGOUROU GUSTAVE\.m2\repository\org\springframework\boot\spring-boot-starter-actuator\3.5.3\spring-boot-starter-actuator-3.5.3.jar;C:\Users\AGOUROU GUSTAVE\.m2\repository\org\springframework\boot\spring-boot-actuator-autoconfigure\3.5.3\spring-boot-actuator-autoconfigure-3.5.3.jar;C:\Users\AGOUROU GUSTAVE\.m2\repository\org\springframework\boot\spring-boot-actuator\3.5.3\spring-boot-actuator-3.5.3.jar;C:\Users\AGOUROU GUSTAVE\.m2\repository\io\micrometer\micrometer-observation\1.15.1\micrometer-observation-1.15.1.jar;C:\Users\AGOUROU GUSTAVE\.m2\repository\io\micrometer\micrometer-commons\1.15.1\micrometer-commons-1.15.1.jar;C:\Users\AGOUROU GUSTAVE\.m2\repository\io\micrometer\micrometer-jakarta9\1.15.1\micrometer-jakarta9-1.15.1.jar;C:\Users\AGOUROU GUSTAVE\.m2\repository\io\micrometer\micrometer-core\1.15.1\micrometer-core-1.15.1.jar;C:\Users\AGOUROU GUSTAVE\.m2\repository\org\hdrhistogram\HdrHistogram\2.2.2\HdrHistogram-2.2.2.jar;C:\Users\AGOUROU GUSTAVE\.m2\repository\org\latencyutils\LatencyUtils\2.0.3\LatencyUtils-2.0.3.jar;C:\Users\AGOUROU GUSTAVE\.m2\repository\org\springframework\boot\spring-boot-starter-validation\3.5.3\spring-boot-starter-validation-3.5.3.jar;C:\Users\AGOUROU GUSTAVE\.m2\repository\org\apache\tomcat\embed\tomcat-embed-el\10.1.42\tomcat-embed-el-10.1.42.jar;C:\Users\AGOUROU GUSTAVE\.m2\repository\org\hibernate\validator\hibernate-validator\8.0.2.Final\hibernate-validator-8.0.2.Final.jar;C:\Users\AGOUROU GUSTAVE\.m2\repository\jakarta\validation\jakarta.validation-api\3.0.2\jakarta.validation-api-3.0.2.jar;C:\Users\AGOUROU GUSTAVE\.m2\repository\org\jboss\logging\jboss-logging\3.6.1.Final\jboss-logging-3.6.1.Final.jar;C:\Users\AGOUROU GUSTAVE\.m2\repository\com\fasterxml\classmate\1.7.0\classmate-1.7.0.jar;C:\Users\AGOUROU GUSTAVE\.m2\repository\org\springframework\boot\spring-boot-starter-log4j2\3.5.3\spring-boot-starter-log4j2-3.5.3.jar;C:\Users\AGOUROU GUSTAVE\.m2\repository\org\apache\logging\log4j\log4j-slf4j2-impl\2.24.3\log4j-slf4j2-impl-2.24.3.jar;C:\Users\AGOUROU GUSTAVE\.m2\repository\org\apache\logging\log4j\log4j-api\2.24.3\log4j-api-2.24.3.jar;C:\Users\AGOUROU GUSTAVE\.m2\repository\org\slf4j\slf4j-api\2.0.17\slf4j-api-2.0.17.jar;C:\Users\AGOUROU GUSTAVE\.m2\repository\org\apache\logging\log4j\log4j-core\2.24.3\log4j-core-2.24.3.jar;C:\Users\AGOUROU GUSTAVE\.m2\repository\org\apache\logging\log4j\log4j-jul\2.24.3\log4j-jul-2.24.3.jar;C:\Users\AGOUROU GUSTAVE\.m2\repository\org\projectlombok\lombok\1.18.38\lombok-1.18.38.jar;C:\Users\AGOUROU GUSTAVE\.m2\repository\org\springframework\boot\spring-boot-devtools\3.5.3\spring-boot-devtools-3.5.3.jar;C:\Users\AGOUROU GUSTAVE\.m2\repository\org\springframework\boot\spring-boot\3.5.3\spring-boot-3.5.3.jar;C:\Users\AGOUROU GUSTAVE\.m2\repository\org\springframework\boot\spring-boot-autoconfigure\3.5.3\spring-boot-autoconfigure-3.5.3.jar;C:\Users\AGOUROU GUSTAVE\.m2\repository\org\springdoc\springdoc-openapi-starter-webmvc-ui\2.2.0\springdoc-openapi-starter-webmvc-ui-2.2.0.jar;C:\Users\AGOUROU GUSTAVE\.m2\repository\org\springdoc\springdoc-openapi-starter-webmvc-api\2.2.0\springdoc-openapi-starter-webmvc-api-2.2.0.jar;C:\Users\AGOUROU GUSTAVE\.m2\repository\org\springdoc\springdoc-openapi-starter-common\2.2.0\springdoc-openapi-starter-common-2.2.0.jar;C:\Users\AGOUROU GUSTAVE\.m2\repository\io\swagger\core\v3\swagger-core-jakarta\2.2.15\swagger-core-jakarta-2.2.15.jar;C:\Users\AGOUROU GUSTAVE\.m2\repository\org\apache\commons\commons-lang3\3.17.0\commons-lang3-3.17.0.jar;C:\Users\AGOUROU GUSTAVE\.m2\repository\io\swagger\core\v3\swagger-annotations-jakarta\2.2.15\swagger-annotations-jakarta-2.2.15.jar;C:\Users\AGOUROU GUSTAVE\.m2\repository\io\swagger\core\v3\swagger-models-jakarta\2.2.15\swagger-models-jakarta-2.2.15.jar;C:\Users\AGOUROU GUSTAVE\.m2\repository\com\fasterxml\jackson\dataformat\jackson-dataformat-yaml\2.19.1\jackson-dataformat-yaml-2.19.1.jar;C:\Users\AGOUROU GUSTAVE\.m2\repository\org\webjars\swagger-ui\5.2.0\swagger-ui-5.2.0.jar;C:\Users\AGOUROU GUSTAVE\.m2\repository\org\springframework\boot\spring-boot-starter-test\3.5.3\spring-boot-starter-test-3.5.3.jar;C:\Users\AGOUROU GUSTAVE\.m2\repository\org\springframework\boot\spring-boot-test\3.5.3\spring-boot-test-3.5.3.jar;C:\Users\AGOUROU GUSTAVE\.m2\repository\org\springframework\boot\spring-boot-test-autoconfigure\3.5.3\spring-boot-test-autoconfigure-3.5.3.jar;C:\Users\AGOUROU GUSTAVE\.m2\repository\com\jayway\jsonpath\json-path\2.9.0\json-path-2.9.0.jar;C:\Users\AGOUROU GUSTAVE\.m2\repository\jakarta\xml\bind\jakarta.xml.bind-api\4.0.2\jakarta.xml.bind-api-4.0.2.jar;C:\Users\AGOUROU GUSTAVE\.m2\repository\jakarta\activation\jakarta.activation-api\2.1.3\jakarta.activation-api-2.1.3.jar;C:\Users\AGOUROU GUSTAVE\.m2\repository\net\minidev\json-smart\2.5.2\json-smart-2.5.2.jar;C:\Users\AGOUROU GUSTAVE\.m2\repository\net\minidev\accessors-smart\2.5.2\accessors-smart-2.5.2.jar;C:\Users\AGOUROU GUSTAVE\.m2\repository\org\ow2\asm\asm\9.7.1\asm-9.7.1.jar;C:\Users\AGOUROU GUSTAVE\.m2\repository\org\awaitility\awaitility\4.2.2\awaitility-4.2.2.jar;C:\Users\AGOUROU GUSTAVE\.m2\repository\org\hamcrest\hamcrest\3.0\hamcrest-3.0.jar;C:\Users\AGOUROU GUSTAVE\.m2\repository\org\junit\jupiter\junit-jupiter\5.12.2\junit-jupiter-5.12.2.jar;C:\Users\AGOUROU GUSTAVE\.m2\repository\org\junit\jupiter\junit-jupiter-api\5.12.2\junit-jupiter-api-5.12.2.jar;C:\Users\AGOUROU GUSTAVE\.m2\repository\org\opentest4j\opentest4j\1.3.0\opentest4j-1.3.0.jar;C:\Users\AGOUROU GUSTAVE\.m2\repository\org\junit\platform\junit-platform-commons\1.12.2\junit-platform-commons-1.12.2.jar;C:\Users\AGOUROU GUSTAVE\.m2\repository\org\apiguardian\apiguardian-api\1.1.2\apiguardian-api-1.1.2.jar;C:\Users\AGOUROU GUSTAVE\.m2\repository\org\junit\jupiter\junit-jupiter-params\5.12.2\junit-jupiter-params-5.12.2.jar;C:\Users\AGOUROU GUSTAVE\.m2\repository\org\junit\jupiter\junit-jupiter-engine\5.12.2\junit-jupiter-engine-5.12.2.jar;C:\Users\AGOUROU GUSTAVE\.m2\repository\org\junit\platform\junit-platform-engine\1.12.2\junit-platform-engine-1.12.2.jar;C:\Users\AGOUROU GUSTAVE\.m2\repository\org\mockito\mockito-core\5.17.0\mockito-core-5.17.0.jar;C:\Users\AGOUROU GUSTAVE\.m2\repository\net\bytebuddy\byte-buddy-agent\1.17.6\byte-buddy-agent-1.17.6.jar;C:\Users\AGOUROU GUSTAVE\.m2\repository\org\objenesis\objenesis\3.3\objenesis-3.3.jar;C:\Users\AGOUROU GUSTAVE\.m2\repository\org\mockito\mockito-junit-jupiter\5.17.0\mockito-junit-jupiter-5.17.0.jar;C:\Users\AGOUROU GUSTAVE\.m2\repository\org\skyscreamer\jsonassert\1.5.3\jsonassert-1.5.3.jar;C:\Users\AGOUROU GUSTAVE\.m2\repository\com\vaadin\external\google\android-json\0.0.20131108.vaadin1\android-json-0.0.20131108.vaadin1.jar;C:\Users\AGOUROU GUSTAVE\.m2\repository\org\springframework\spring-core\6.2.8\spring-core-6.2.8.jar;C:\Users\AGOUROU GUSTAVE\.m2\repository\org\springframework\spring-jcl\6.2.8\spring-jcl-6.2.8.jar;C:\Users\AGOUROU GUSTAVE\.m2\repository\org\springframework\spring-test\6.2.8\spring-test-6.2.8.jar;C:\Users\AGOUROU GUSTAVE\.m2\repository\org\xmlunit\xmlunit-core\2.10.2\xmlunit-core-2.10.2.jar;C:\Users\AGOUROU GUSTAVE\.m2\repository\org\assertj\assertj-core\3.27.3\assertj-core-3.27.3.jar;C:\Users\AGOUROU GUSTAVE\.m2\repository\net\bytebuddy\byte-buddy\1.17.6\byte-buddy-1.17.6.jar;"/>
    <property name="sun.cpu.endian" value="little"/>
    <property name="user.home" value="C:\Users\AGOUROU GUSTAVE"/>
    <property name="user.language" value="fr"/>
    <property name="java.specification.vendor" value="Oracle Corporation"/>
    <property name="java.version.date" value="2025-07-15"/>
    <property name="java.home" value="C:\Users\AGOUROU GUSTAVE\AppData\Roaming\Code\User\globalStorage\pleiades.java-extension-pack-jdk\java\17"/>
    <property name="file.separator" value="\"/>
    <property name="basedir" value="C:\Users\AGOUROU GUSTAVE\Downloads\Open Classroom\P5\safetynet-alerts"/>
    <property name="java.vm.compressedOopsMode" value="32-bit"/>
    <property name="line.separator" value="&#10;"/>
    <property name="java.vm.specification.vendor" value="Oracle Corporation"/>
    <property name="java.specification.name" value="Java Platform API Specification"/>
    <property name="FILE_LOG_CHARSET" value="windows-1252"/>
    <property name="java.awt.headless" value="true"/>
    <property name="surefire.real.class.path" value="C:\Users\AGOUROU GUSTAVE\AppData\Local\Temp\surefire12884582303513636755\surefirebooter-20250730002904444_3.jar"/>
    <property name="user.script" value=""/>
    <property name="sun.management.compiler" value="HotSpot 64-Bit Tiered Compilers"/>
    <property name="java.runtime.version" value="17.0.16+8"/>
    <property name="user.name" value="AGOUROU GUSTAVE"/>
    <property name="path.separator" value=";"/>
    <property name="os.version" value="10.0"/>
    <property name="java.runtime.name" value="OpenJDK Runtime Environment"/>
    <property name="file.encoding" value="Cp1252"/>
    <property name="java.vm.name" value="OpenJDK 64-Bit Server VM"/>
    <property name="java.vendor.version" value="Temurin-17.0.16+8"/>
    <property name="localRepository" value="C:\Users\AGOUROU GUSTAVE\.m2\repository"/>
    <property name="java.vendor.url.bug" value="https://github.com/adoptium/adoptium-support/issues"/>
    <property name="java.io.tmpdir" value="C:\Users\AGOURO~1\AppData\Local\Temp\"/>
    <property name="java.version" value="17.0.16"/>
    <property name="user.dir" value="C:\Users\AGOUROU GUSTAVE\Downloads\Open Classroom\P5\safetynet-alerts"/>
    <property name="os.arch" value="amd64"/>
    <property name="java.vm.specification.name" value="Java Virtual Machine Specification"/>
    <property name="PID" value="2664"/>
    <property name="sun.os.patch.level" value=""/>
    <property name="CONSOLE_LOG_CHARSET" value="windows-1252"/>
    <property name="native.encoding" value="Cp1252"/>
    <property name="java.library.path" value="C:\Users\AGOUROU GUSTAVE\AppData\Roaming\Code\User\globalStorage\pleiades.java-extension-pack-jdk\java\17\bin;C:\WINDOWS\Sun\Java\bin;C:\WINDOWS\system32;C:\WINDOWS;C:\Users\AGOUROU GUSTAVE\AppData\Roaming\Code\User\globalStorage\pleiades.java-extension-pack-jdk\gradle\latest\bin;C:\Program Files\apache-maven-3.9.9\bin;C:\Users\AGOUROU GUSTAVE\AppData\Roaming\Code\User\globalStorage\pleiades.java-extension-pack-jdk\java\17\bin;C:\Users\AGOUROU GUSTAVE\Downloads\apache-maven-3.9.9-bin\apache-maven-3.9.9\bin;C:\Program Files\Eclipse Adoptium\jdk-17.0.15+6\bin;C:\Program Files\Common Files\Oracle\Java\javapath;C:\Program Files (x86)\Intel\iCLS Client\;C:\Program Files\Intel\iCLS Client\;C:\WINDOWS\system32;C:\WINDOWS;C:\WINDOWS\System32\Wbem;C:\WINDOWS\System32\WindowsPowerShell\v1.0\;C:\WINDOWS\System32\OpenSSH\;C:\Program Files (x86)\Intel\Intel(R) Management Engine Components\DAL;C:\Program Files\Intel\Intel(R) Management Engine Components\DAL;C:\Program Files (x86)\Intel\Intel(R) Management Engine Components\IPT;C:\Program Files\Intel\Intel(R) Management Engine Components\IPT;C:\Users\AGOUROU GUSTAVE\Downloads\platform-tools_r34.0.3-windows\platform-tools;C:\Program Files\mingw64\bin;C:\Program Files\Git\cmd;C:\Program Files\apache-maven-3.9.9\bin;C:\Program Files\JavaUSBComplete\bin;C:\Windows\Installer\{5D847F4E-C86E-4EEC-8E84-E13E00C48891};C:\Program Files\MySQL\MySQL Server 8.0\bin;C:\Program Files\OpenSSL-Win64\bin;C:\railway\;C:\Users\AGOUROU GUSTAVE\Desktop\Microsoft VS Code\bin;C:\railway\;C:\Program Files\MongoDB\Server\8.0\bin;C:\Program Files\nodejs\;C:\Users\AGOUROU GUSTAVE\AppData\Roaming\npm;;C:\Program Files\Docker\Docker\resources\bin;;C:\Users\AGOUROU GUSTAVE\Desktop\Microsoft VS Code\bin;C:\Users\AGOUROU GUSTAVE\AppData\Local\Programs\mongosh\;C:\Users\AGOUROU GUSTAVE\AppData\Roaming\npm;."/>
    <property name="java.vm.info" value="mixed mode, sharing"/>
    <property name="java.vendor" value="Eclipse Adoptium"/>
    <property name="java.vm.version" value="17.0.16+8"/>
    <property name="java.specification.maintenance.version" value="1"/>
    <property name="sun.io.unicode.encoding" value="UnicodeLittle"/>
    <property name="java.class.version" value="61.0"/>
    <property name="LOGGED_APPLICATION_NAME" value="[safetynet-alerts] "/>
  </properties>
  <testcase name="testChildrenFound" classname="com.safetynet.childAlert.ChildAlertIT" time="5.217">
    <system-out><![CDATA[00:29:12.478 [main] INFO org.springframework.test.context.support.AnnotationConfigContextLoaderUtils -- Could not detect default configuration classes for test class [com.safetynet.childAlert.ChildAlertIT]: ChildAlertIT does not declare any static, non-private, non-final, nested classes annotated with @Configuration.
00:29:13.372 [main] INFO org.springframework.boot.test.context.SpringBootTestContextBootstrapper -- Found @SpringBootConfiguration com.safetynet.SafetynetApplication for test class com.safetynet.childAlert.ChildAlertIT
00:29:14.437 [main] INFO org.springframework.boot.devtools.restart.RestartApplicationListener -- Restart disabled due to context in which it is running

  .   ____          _            __ _ _
 /\\ / ___'_ __ _ _(_)_ __  __ _ \ \ \ \
( ( )\___ | '_ | '_| | '_ \/ _` | \ \ \ \
 \\/  ___)| |_)| | | | | || (_| |  ) ) ) )
  '  |____| .__|_| |_|_| |_\__, | / / / /
 =========|_|==============|___/=/_/_/_/

 :: Spring Boot ::                (v3.5.3)

2025-07-30T00:29:17.258+02:00  INFO 2664 --- [safetynet-alerts] [           main] com.safetynet.childAlert.ChildAlertIT    : Starting ChildAlertIT using Java 17.0.16 with PID 2664 (started by AGOUROU GUSTAVE in C:\Users\AGOUROU GUSTAVE\Downloads\Open Classroom\P5\safetynet-alerts)
2025-07-30T00:29:17.264+02:00  INFO 2664 --- [safetynet-alerts] [           main] com.safetynet.childAlert.ChildAlertIT    : No active profile set, falling back to 1 default profile: "default"
2025-07-30T00:29:17.406+02:00 DEBUG 2664 --- [safetynet-alerts] [           main] o.s.w.c.s.GenericWebApplicationContext   : Refreshing org.springframework.web.context.support.GenericWebApplicationContext@544e3679
2025-07-30T00:29:28.972+02:00 DEBUG 2664 --- [safetynet-alerts] [           main] s.w.s.m.m.a.RequestMappingHandlerMapping : 22 mappings in 'requestMappingHandlerMapping'
2025-07-30T00:29:29.333+02:00 DEBUG 2664 --- [safetynet-alerts] [           main] o.s.w.s.handler.SimpleUrlHandlerMapping  : Patterns [/webjars/**, /**, /swagger-ui*/*swagger-initializer.js, /swagger-ui*/**] in 'resourceHandlerMapping'
2025-07-30T00:29:29.436+02:00 DEBUG 2664 --- [safetynet-alerts] [           main] s.w.s.m.m.a.RequestMappingHandlerAdapter : ControllerAdvice beans: 0 @ModelAttribute, 0 @InitBinder, 1 RequestBodyAdvice, 1 ResponseBodyAdvice
2025-07-30T00:29:29.692+02:00 DEBUG 2664 --- [safetynet-alerts] [           main] .m.m.a.ExceptionHandlerExceptionResolver : ControllerAdvice beans: 2 @ExceptionHandler, 1 ResponseBodyAdvice
2025-07-30T00:29:31.095+02:00 DEBUG 2664 --- [safetynet-alerts] [           main] o.s.w.f.ServerHttpObservationFilter      : Filter 'webMvcObservationFilter' configured for use
2025-07-30T00:29:31.098+02:00  INFO 2664 --- [safetynet-alerts] [           main] o.s.b.t.m.w.SpringBootMockServletContext : Initializing Spring TestDispatcherServlet ''
2025-07-30T00:29:31.099+02:00  INFO 2664 --- [safetynet-alerts] [           main] o.s.t.web.servlet.TestDispatcherServlet  : Initializing Servlet ''
2025-07-30T00:29:31.123+02:00  INFO 2664 --- [safetynet-alerts] [           main] o.s.b.a.e.web.EndpointLinksResolver      : Exposing 1 endpoint beneath base path '/actuator'
2025-07-30T00:29:31.178+02:00  INFO 2664 --- [safetynet-alerts] [           main] o.s.t.web.servlet.TestDispatcherServlet  : Completed initialization in 72 ms
2025-07-30T00:29:31.449+02:00  INFO 2664 --- [safetynet-alerts] [           main] com.safetynet.childAlert.ChildAlertIT    : Started ChildAlertIT in 17.086 seconds (process running for 26.463)
2025-07-30T00:29:35.291+02:00 DEBUG 2664 --- [safetynet-alerts] [           main] s.w.s.m.m.a.RequestMappingHandlerMapping : Mapped to com.safetynet.controller.ChildAlertController#getChildrenByAddress(String)
2025-07-30T00:29:35.431+02:00  INFO 2664 --- [safetynet-alerts] [           main] c.s.controller.ChildAlertController      : Requête reçue avec l'adresse : 1509 Culver St
2025-07-30T00:29:36.025+02:00  INFO 2664 --- [safetynet-alerts] [           main] c.s.service.dataService.DataLoad         : Fichier Json lu avec succès : C:\Users\AGOUROU GUSTAVE\Downloads\Open Classroom\P5\safetynet-alerts\src\main\resources\data\dataFile.json
2025-07-30T00:29:36.061+02:00  INFO 2664 --- [safetynet-alerts] [           main] c.s.service.dataService.DataLoad         : Fichier Json lu avec succès : C:\Users\AGOUROU GUSTAVE\Downloads\Open Classroom\P5\safetynet-alerts\src\main\resources\data\dataFile.json
2025-07-30T00:29:36.069+02:00  INFO 2664 --- [safetynet-alerts] [           main] c.safetynet.service.ChildAlertService    : Dossier médical trouvé pour : John Boyd
2025-07-30T00:29:36.070+02:00  INFO 2664 --- [safetynet-alerts] [           main] c.safetynet.service.ChildAlertService    : Dossier médical trouvé pour : Jacob Boyd
2025-07-30T00:29:36.076+02:00  INFO 2664 --- [safetynet-alerts] [           main] c.safetynet.service.ChildAlertService    : Dossier médical trouvé pour : Tenley Boyd
2025-07-30T00:29:36.079+02:00  INFO 2664 --- [safetynet-alerts] [           main] c.safetynet.service.ChildAlertService    : Dossier médical trouvé pour : Roger Boyd
2025-07-30T00:29:36.080+02:00  INFO 2664 --- [safetynet-alerts] [           main] c.safetynet.service.ChildAlertService    : Dossier médical trouvé pour : Felicia Boyd
2025-07-30T00:29:36.081+02:00  INFO 2664 --- [safetynet-alerts] [           main] c.s.controller.ChildAlertController      : 2 enfant(s) trouvé(s) pour l'adresse 1509 Culver St
2025-07-30T00:29:36.159+02:00 DEBUG 2664 --- [safetynet-alerts] [           main] o.s.w.s.m.m.a.HttpEntityMethodProcessor  : Using 'application/json', given [*/*] and supported [application/json, application/*+json, application/yaml]
2025-07-30T00:29:36.191+02:00 DEBUG 2664 --- [safetynet-alerts] [           main] o.s.w.s.m.m.a.HttpEntityMethodProcessor  : Writing [[ChildrenByAddress[firstName=Tenley, lastName=Boyd, age=13, otherMembers=[{lastName=Boyd, firstName= (truncated)...]
]]></system-out>
    <system-err><![CDATA[SLF4J(W): Class path contains multiple SLF4J providers.
SLF4J(W): Found provider [ch.qos.logback.classic.spi.LogbackServiceProvider@4b6166aa]
SLF4J(W): Found provider [org.apache.logging.slf4j.SLF4JServiceProvider@a77614d]
SLF4J(W): See https://www.slf4j.org/codes.html#multiple_bindings for an explanation.
SLF4J(I): Actual provider is of type [ch.qos.logback.classic.spi.LogbackServiceProvider@4b6166aa]
]]></system-err>
  </testcase>
  <testcase name="testValidAddress" classname="com.safetynet.childAlert.ChildAlertIT" time="0.027">
    <system-out><![CDATA[2025-07-30T00:29:36.930+02:00  INFO 2664 --- [safetynet-alerts] [           main] c.s.service.dataService.DataLoad         : Fichier Json lu avec succès : C:\Users\AGOUROU GUSTAVE\Downloads\Open Classroom\P5\safetynet-alerts\src\main\resources\data\dataFile.json
2025-07-30T00:29:36.935+02:00  INFO 2664 --- [safetynet-alerts] [           main] c.s.service.dataService.DataLoad         : Fichier Json lu avec succès : C:\Users\AGOUROU GUSTAVE\Downloads\Open Classroom\P5\safetynet-alerts\src\main\resources\data\dataFile.json
2025-07-30T00:29:36.936+02:00  INFO 2664 --- [safetynet-alerts] [           main] c.safetynet.service.ChildAlertService    : Dossier médical trouvé pour : John Boyd
2025-07-30T00:29:36.937+02:00  INFO 2664 --- [safetynet-alerts] [           main] c.safetynet.service.ChildAlertService    : Dossier médical trouvé pour : Jacob Boyd
2025-07-30T00:29:36.937+02:00  INFO 2664 --- [safetynet-alerts] [           main] c.safetynet.service.ChildAlertService    : Dossier médical trouvé pour : Tenley Boyd
2025-07-30T00:29:36.938+02:00  INFO 2664 --- [safetynet-alerts] [           main] c.safetynet.service.ChildAlertService    : Dossier médical trouvé pour : Roger Boyd
2025-07-30T00:29:36.939+02:00  INFO 2664 --- [safetynet-alerts] [           main] c.safetynet.service.ChildAlertService    : Dossier médical trouvé pour : Felicia Boyd
]]></system-out>
  </testcase>
  <testcase name="testNoChildrenFound" classname="com.safetynet.childAlert.ChildAlertIT" time="0.081">
    <system-out><![CDATA[2025-07-30T00:29:36.992+02:00 DEBUG 2664 --- [safetynet-alerts] [           main] s.w.s.m.m.a.RequestMappingHandlerMapping : Mapped to com.safetynet.controller.ChildAlertController#getChildrenByAddress(String)
2025-07-30T00:29:36.993+02:00  INFO 2664 --- [safetynet-alerts] [           main] c.s.controller.ChildAlertController      : Requête reçue avec l'adresse : unknown address
2025-07-30T00:29:36.999+02:00  INFO 2664 --- [safetynet-alerts] [           main] c.s.service.dataService.DataLoad         : Fichier Json lu avec succès : C:\Users\AGOUROU GUSTAVE\Downloads\Open Classroom\P5\safetynet-alerts\src\main\resources\data\dataFile.json
2025-07-30T00:29:37.003+02:00  INFO 2664 --- [safetynet-alerts] [           main] c.s.service.dataService.DataLoad         : Fichier Json lu avec succès : C:\Users\AGOUROU GUSTAVE\Downloads\Open Classroom\P5\safetynet-alerts\src\main\resources\data\dataFile.json
2025-07-30T00:29:37.003+02:00  INFO 2664 --- [safetynet-alerts] [           main] c.s.controller.ChildAlertController      : Aucun enfant(s) trouvé(s) pour l'adresse: unknown address
2025-07-30T00:29:37.013+02:00 DEBUG 2664 --- [safetynet-alerts] [           main] o.s.w.s.m.m.a.HttpEntityMethodProcessor  : Using 'application/json', given [*/*] and supported [application/json, application/*+json, application/yaml]
2025-07-30T00:29:37.014+02:00 DEBUG 2664 --- [safetynet-alerts] [           main] o.s.w.s.m.m.a.HttpEntityMethodProcessor  : Nothing to write: null body
]]></system-out>
  </testcase>
  <testcase name="testInvalidAddress" classname="com.safetynet.childAlert.ChildAlertIT" time="0.063">
    <system-out><![CDATA[2025-07-30T00:29:37.079+02:00 DEBUG 2664 --- [safetynet-alerts] [           main] s.w.s.m.m.a.RequestMappingHandlerMapping : Mapped to com.safetynet.controller.ChildAlertController#getChildrenByAddress(String)
2025-07-30T00:29:37.081+02:00  INFO 2664 --- [safetynet-alerts] [           main] c.s.controller.ChildAlertController      : Requête reçue avec l'adresse : 
2025-07-30T00:29:37.081+02:00 ERROR 2664 --- [safetynet-alerts] [           main] c.s.controller.ChildAlertController      : Le paramètre 'address' est nulle ou vide.
2025-07-30T00:29:37.083+02:00 DEBUG 2664 --- [safetynet-alerts] [           main] o.s.w.s.m.m.a.HttpEntityMethodProcessor  : Using 'application/json', given [*/*] and supported [application/json, application/*+json, application/yaml]
2025-07-30T00:29:37.085+02:00 DEBUG 2664 --- [safetynet-alerts] [           main] o.s.w.s.m.m.a.HttpEntityMethodProcessor  : Nothing to write: null body
]]></system-out>
  </testcase>
</testsuite>