<?xml version="1.0" encoding="UTF-8"?>
<testsuite xmlns:xsi="http://www.w3.org/2001/XMLSchema-instance" xsi:noNamespaceSchemaLocation="https://maven.apache.org/surefire/maven-failsafe-plugin/xsd/failsafe-test-report-3.0.xsd" version="3.0" name="com.safetynet.medicalRecord.MedicalRecordIT" time="4.946" tests="3" errors="0" skipped="0" failures="0">
  <properties>
    <property name="java.specification.version" value="17"/>
    <property name="sun.cpu.isalist" value="amd64"/>
    <property name="sun.jnu.encoding" value="Cp1252"/>
    <property name="java.class.path" value="C:\Users\AGOUROU GUSTAVE\Downloads\Open Classroom\P5\safetynet-alerts\target\test-classes;C:\Users\AGOUROU GUSTAVE\Downloads\Open Classroom\P5\safetynet-alerts\target\classes;C:\Users\AGOUROU GUSTAVE\.m2\repository\org\springframework\boot\spring-boot-starter-web\3.5.3\spring-boot-starter-web-3.5.3.jar;C:\Users\AGOUROU GUSTAVE\.m2\repository\org\springframework\boot\spring-boot-starter\3.5.3\spring-boot-starter-3.5.3.jar;C:\Users\AGOUROU GUSTAVE\.m2\repository\org\springframework\boot\spring-boot-starter-logging\3.5.3\spring-boot-starter-logging-3.5.3.jar;C:\Users\AGOUROU GUSTAVE\.m2\repository\ch\qos\logback\logback-classic\1.5.18\logback-classic-1.5.18.jar;C:\Users\AGOUROU GUSTAVE\.m2\repository\ch\qos\logback\logback-core\1.5.18\logback-core-1.5.18.jar;C:\Users\AGOUROU GUSTAVE\.m2\repository\org\apache\logging\log4j\log4j-to-slf4j\2.24.3\log4j-to-slf4j-2.24.3.jar;C:\Users\AGOUROU GUSTAVE\.m2\repository\org\slf4j\jul-to-slf4j\2.0.17\jul-to-slf4j-2.0.17.jar;C:\Users\AGOUROU GUSTAVE\.m2\repository\jakarta\annotation\jakarta.annotation-api\2.1.1\jakarta.annotation-api-2.1.1.jar;C:\Users\AGOUROU GUSTAVE\.m2\repository\org\yaml\snakeyaml\2.4\snakeyaml-2.4.jar;C:\Users\AGOUROU GUSTAVE\.m2\repository\org\springframework\boot\spring-boot-starter-json\3.5.3\spring-boot-starter-json-3.5.3.jar;C:\Users\AGOUROU GUSTAVE\.m2\repository\com\fasterxml\jackson\core\jackson-databind\2.19.1\jackson-databind-2.19.1.jar;C:\Users\AGOUROU GUSTAVE\.m2\repository\com\fasterxml\jackson\core\jackson-annotations\2.19.1\jackson-annotations-2.19.1.jar;C:\Users\AGOUROU GUSTAVE\.m2\repository\com\fasterxml\jackson\core\jackson-core\2.19.1\jackson-core-2.19.1.jar;C:\Users\AGOUROU GUSTAVE\.m2\repository\com\fasterxml\jackson\datatype\jackson-datatype-jdk8\2.19.1\jackson-datatype-jdk8-2.19.1.jar;C:\Users\AGOUROU GUSTAVE\.m2\repository\com\fasterxml\jackson\datatype\jackson-datatype-jsr310\2.19.1\jackson-datatype-jsr310-2.19.1.jar;C:\Users\AGOUROU GUSTAVE\.m2\repository\com\fasterxml\jackson\module\jackson-module-parameter-names\2.19.1\jackson-module-parameter-names-2.19.1.jar;C:\Users\AGOUROU GUSTAVE\.m2\repository\org\springframework\boot\spring-boot-starter-tomcat\3.5.3\spring-boot-starter-tomcat-3.5.3.jar;C:\Users\AGOUROU GUSTAVE\.m2\repository\org\apache\tomcat\embed\tomcat-embed-core\10.1.42\tomcat-embed-core-10.1.42.jar;C:\Users\AGOUROU GUSTAVE\.m2\repository\org\apache\tomcat\embed\tomcat-embed-websocket\10.1.42\tomcat-embed-websocket-10.1.42.jar;C:\Users\AGOUROU GUSTAVE\.m2\repository\org\springframework\spring-web\6.2.8\spring-web-6.2.8.jar;C:\Users\AGOUROU GUSTAVE\.m2\repository\org\springframework\spring-beans\6.2.8\spring-beans-6.2.8.jar;C:\Users\AGOUROU GUSTAVE\.m2\repository\org\springframework\spring-webmvc\6.2.8\spring-webmvc-6.2.8.jar;C:\Users\AGOUROU GUSTAVE\.m2\repository\org\springframework\spring-aop\6.2.8\spring-aop-6.2.8.jar;C:\Users\AGOUROU GUSTAVE\.m2\repository\org\springframework\spring-context\6.2.8\spring-context-6.2.8.jar;C:\Users\AGOUROU GUSTAVE\.m2\repository\org\springframework\spring-expression\6.2.8\spring-expression-6.2.8.jar;C:\Users\AGOUROU GUSTAVE\.m2\repository\org\springframework\boot\spring-boot-starter-actuator\3.5.3\spring-boot-starter-actuator-3.5.3.jar;C:\Users\AGOUROU GUSTAVE\.m2\repository\org\springframework\boot\spring-boot-actuator-autoconfigure\3.5.3\spring-boot-actuator-autoconfigure-3.5.3.jar;C:\Users\AGOUROU GUSTAVE\.m2\repository\org\springframework\boot\spring-boot-actuator\3.5.3\spring-boot-actuator-3.5.3.jar;C:\Users\AGOUROU GUSTAVE\.m2\repository\io\micrometer\micrometer-observation\1.15.1\micrometer-observation-1.15.1.jar;C:\Users\AGOUROU GUSTAVE\.m2\repository\io\micrometer\micrometer-commons\1.15.1\micrometer-commons-1.15.1.jar;C:\Users\AGOUROU GUSTAVE\.m2\repository\io\micrometer\micrometer-jakarta9\1.15.1\micrometer-jakarta9-1.15.1.jar;C:\Users\AGOUROU GUSTAVE\.m2\repository\io\micrometer\micrometer-core\1.15.1\micrometer-core-1.15.1.jar;C:\Users\AGOUROU GUSTAVE\.m2\repository\org\hdrhistogram\HdrHistogram\2.2.2\HdrHistogram-2.2.2.jar;C:\Users\AGOUROU GUSTAVE\.m2\repository\org\latencyutils\LatencyUtils\2.0.3\LatencyUtils-2.0.3.jar;C:\Users\AGOUROU GUSTAVE\.m2\repository\org\springframework\boot\spring-boot-starter-validation\3.5.3\spring-boot-starter-validation-3.5.3.jar;C:\Users\AGOUROU GUSTAVE\.m2\repository\org\apache\tomcat\embed\tomcat-embed-el\10.1.42\tomcat-embed-el-10.1.42.jar;C:\Users\AGOUROU GUSTAVE\.m2\repository\org\hibernate\validator\hibernate-validator\8.0.2.Final\hibernate-validator-8.0.2.Final.jar;C:\Users\AGOUROU GUSTAVE\.m2\repository\jakarta\validation\jakarta.validation-api\3.0.2\jakarta.validation-api-3.0.2.jar;C:\Users\AGOUROU GUSTAVE\.m2\repository\org\jboss\logging\jboss-logging\3.6.1.Final\jboss-logging-3.6.1.Final.jar;C:\Users\AGOUROU GUSTAVE\.m2\repository\com\fasterxml\classmate\1.7.0\classmate-1.7.0.jar;C:\Users\AGOUROU GUSTAVE\.m2\repository\org\springframework\boot\spring-boot-starter-log4j2\3.5.3\spring-boot-starter-log4j2-3.5.3.jar;C:\Users\AGOUROU GUSTAVE\.m2\repository\org\apache\logging\log4j\log4j-slf4j2-impl\2.24.3\log4j-slf4j2-impl-2.24.3.jar;C:\Users\AGOUROU GUSTAVE\.m2\repository\org\apache\logging\log4j\log4j-api\2.24.3\log4j-api-2.24.3.jar;C:\Users\AGOUROU GUSTAVE\.m2\repository\org\slf4j\slf4j-api\2.0.17\slf4j-api-2.0.17.jar;C:\Users\AGOUROU GUSTAVE\.m2\repository\org\apache\logging\log4j\log4j-core\2.24.3\log4j-core-2.24.3.jar;C:\Users\AGOUROU GUSTAVE\.m2\repository\org\apache\logging\log4j\log4j-jul\2.24.3\log4j-jul-2.24.3.jar;C:\Users\AGOUROU GUSTAVE\.m2\repository\org\projectlombok\lombok\1.18.38\lombok-1.18.38.jar;C:\Users\AGOUROU GUSTAVE\.m2\repository\org\springframework\boot\spring-boot-devtools\3.5.3\spring-boot-devtools-3.5.3.jar;C:\Users\AGOUROU GUSTAVE\.m2\repository\org\springframework\boot\spring-boot\3.5.3\spring-boot-3.5.3.jar;C:\Users\AGOUROU GUSTAVE\.m2\repository\org\springframework\boot\spring-boot-autoconfigure\3.5.3\spring-boot-autoconfigure-3.5.3.jar;C:\Users\AGOUROU GUSTAVE\.m2\repository\org\springdoc\springdoc-openapi-starter-webmvc-ui\2.2.0\springdoc-openapi-starter-webmvc-ui-2.2.0.jar;C:\Users\AGOUROU GUSTAVE\.m2\repository\org\springdoc\springdoc-openapi-starter-webmvc-api\2.2.0\springdoc-openapi-starter-webmvc-api-2.2.0.jar;C:\Users\AGOUROU GUSTAVE\.m2\repository\org\springdoc\springdoc-openapi-starter-common\2.2.0\springdoc-openapi-starter-common-2.2.0.jar;C:\Users\AGOUROU GUSTAVE\.m2\repository\io\swagger\core\v3\swagger-core-jakarta\2.2.15\swagger-core-jakarta-2.2.15.jar;C:\Users\AGOUROU GUSTAVE\.m2\repository\org\apache\commons\commons-lang3\3.17.0\commons-lang3-3.17.0.jar;C:\Users\AGOUROU GUSTAVE\.m2\repository\io\swagger\core\v3\swagger-annotations-jakarta\2.2.15\swagger-annotations-jakarta-2.2.15.jar;C:\Users\AGOUROU GUSTAVE\.m2\repository\io\swagger\core\v3\swagger-models-jakarta\2.2.15\swagger-models-jakarta-2.2.15.jar;C:\Users\AGOUROU GUSTAVE\.m2\repository\com\fasterxml\jackson\dataformat\jackson-dataformat-yaml\2.19.1\jackson-dataformat-yaml-2.19.1.jar;C:\Users\AGOUROU GUSTAVE\.m2\repository\org\webjars\swagger-ui\5.2.0\swagger-ui-5.2.0.jar;C:\Users\AGOUROU GUSTAVE\.m2\repository\org\springframework\boot\spring-boot-starter-test\3.5.3\spring-boot-starter-test-3.5.3.jar;C:\Users\AGOUROU GUSTAVE\.m2\repository\org\springframework\boot\spring-boot-test\3.5.3\spring-boot-test-3.5.3.jar;C:\Users\AGOUROU GUSTAVE\.m2\repository\org\springframework\boot\spring-boot-test-autoconfigure\3.5.3\spring-boot-test-autoconfigure-3.5.3.jar;C:\Users\AGOUROU GUSTAVE\.m2\repository\com\jayway\jsonpath\json-path\2.9.0\json-path-2.9.0.jar;C:\Users\AGOUROU GUSTAVE\.m2\repository\jakarta\xml\bind\jakarta.xml.bind-api\4.0.2\jakarta.xml.bind-api-4.0.2.jar;C:\Users\AGOUROU GUSTAVE\.m2\repository\jakarta\activation\jakarta.activation-api\2.1.3\jakarta.activation-api-2.1.3.jar;C:\Users\AGOUROU GUSTAVE\.m2\repository\net\minidev\json-smart\2.5.2\json-smart-2.5.2.jar;C:\Users\AGOUROU GUSTAVE\.m2\repository\net\minidev\accessors-smart\2.5.2\accessors-smart-2.5.2.jar;C:\Users\AGOUROU GUSTAVE\.m2\repository\org\ow2\asm\asm\9.7.1\asm-9.7.1.jar;C:\Users\AGOUROU GUSTAVE\.m2\repository\org\awaitility\awaitility\4.2.2\awaitility-4.2.2.jar;C:\Users\AGOUROU GUSTAVE\.m2\repository\org\hamcrest\hamcrest\3.0\hamcrest-3.0.jar;C:\Users\AGOUROU GUSTAVE\.m2\repository\org\junit\jupiter\junit-jupiter\5.12.2\junit-jupiter-5.12.2.jar;C:\Users\AGOUROU GUSTAVE\.m2\repository\org\junit\jupiter\junit-jupiter-api\5.12.2\junit-jupiter-api-5.12.2.jar;C:\Users\AGOUROU GUSTAVE\.m2\repository\org\opentest4j\opentest4j\1.3.0\opentest4j-1.3.0.jar;C:\Users\AGOUROU GUSTAVE\.m2\repository\org\junit\platform\junit-platform-commons\1.12.2\junit-platform-commons-1.12.2.jar;C:\Users\AGOUROU GUSTAVE\.m2\repository\org\apiguardian\apiguardian-api\1.1.2\apiguardian-api-1.1.2.jar;C:\Users\AGOUROU GUSTAVE\.m2\repository\org\junit\jupiter\junit-jupiter-params\5.12.2\junit-jupiter-params-5.12.2.jar;C:\Users\AGOUROU GUSTAVE\.m2\repository\org\junit\jupiter\junit-jupiter-engine\5.12.2\junit-jupiter-engine-5.12.2.jar;C:\Users\AGOUROU GUSTAVE\.m2\repository\org\junit\platform\junit-platform-engine\1.12.2\junit-platform-engine-1.12.2.jar;C:\Users\AGOUROU GUSTAVE\.m2\repository\org\mockito\mockito-core\5.17.0\mockito-core-5.17.0.jar;C:\Users\AGOUROU GUSTAVE\.m2\repository\net\bytebuddy\byte-buddy-agent\1.17.6\byte-buddy-agent-1.17.6.jar;C:\Users\AGOUROU GUSTAVE\.m2\repository\org\objenesis\objenesis\3.3\objenesis-3.3.jar;C:\Users\AGOUROU GUSTAVE\.m2\repository\org\mockito\mockito-junit-jupiter\5.17.0\mockito-junit-jupiter-5.17.0.jar;C:\Users\AGOUROU GUSTAVE\.m2\repository\org\skyscreamer\jsonassert\1.5.3\jsonassert-1.5.3.jar;C:\Users\AGOUROU GUSTAVE\.m2\repository\com\vaadin\external\google\android-json\0.0.20131108.vaadin1\android-json-0.0.20131108.vaadin1.jar;C:\Users\AGOUROU GUSTAVE\.m2\repository\org\springframework\spring-core\6.2.8\spring-core-6.2.8.jar;C:\Users\AGOUROU GUSTAVE\.m2\repository\org\springframework\spring-jcl\6.2.8\spring-jcl-6.2.8.jar;C:\Users\AGOUROU GUSTAVE\.m2\repository\org\springframework\spring-test\6.2.8\spring-test-6.2.8.jar;C:\Users\AGOUROU GUSTAVE\.m2\repository\org\xmlunit\xmlunit-core\2.10.2\xmlunit-core-2.10.2.jar;C:\Users\AGOUROU GUSTAVE\.m2\repository\org\assertj\assertj-core\3.27.3\assertj-core-3.27.3.jar;C:\Users\AGOUROU GUSTAVE\.m2\repository\net\bytebuddy\byte-buddy\1.17.6\byte-buddy-1.17.6.jar;"/>
    <property name="java.vm.vendor" value="Eclipse Adoptium"/>
    <property name="sun.arch.data.model" value="64"/>
    <property name="user.variant" value=""/>
    <property name="java.vendor.url" value="https://adoptium.net/"/>
    <property name="user.timezone" value="Europe/Paris"/>
    <property name="org.jboss.logging.provider" value="slf4j"/>
    <property name="os.name" value="Windows 10"/>
    <property name="java.vm.specification.version" value="17"/>
    <property name="APPLICATION_NAME" value="safetynet-alerts"/>
    <property name="sun.java.launcher" value="SUN_STANDARD"/>
    <property name="user.country" value="FR"/>
    <property name="sun.boot.library.path" value="C:\Users\AGOUROU GUSTAVE\AppData\Roaming\Code\User\globalStorage\pleiades.java-extension-pack-jdk\java\17\bin"/>
    <property name="sun.java.command" value="C:\Users\AGOUROU GUSTAVE\AppData\Local\Temp\surefire3205074112948236754\surefirebooter-20250730125403755_3.jar C:\Users\AGOUROU GUSTAVE\AppData\Local\Temp\surefire3205074112948236754 2025-07-30T12-54-03_307-jvmRun1 surefire-20250730125403755_1tmp surefire_0-20250730125403755_2tmp"/>
    <property name="jdk.debug" value="release"/>
    <property name="surefire.test.class.path" value="C:\Users\AGOUROU GUSTAVE\Downloads\Open Classroom\P5\safetynet-alerts\target\test-classes;C:\Users\AGOUROU GUSTAVE\Downloads\Open Classroom\P5\safetynet-alerts\target\classes;C:\Users\AGOUROU GUSTAVE\.m2\repository\org\springframework\boot\spring-boot-starter-web\3.5.3\spring-boot-starter-web-3.5.3.jar;C:\Users\AGOUROU GUSTAVE\.m2\repository\org\springframework\boot\spring-boot-starter\3.5.3\spring-boot-starter-3.5.3.jar;C:\Users\AGOUROU GUSTAVE\.m2\repository\org\springframework\boot\spring-boot-starter-logging\3.5.3\spring-boot-starter-logging-3.5.3.jar;C:\Users\AGOUROU GUSTAVE\.m2\repository\ch\qos\logback\logback-classic\1.5.18\logback-classic-1.5.18.jar;C:\Users\AGOUROU GUSTAVE\.m2\repository\ch\qos\logback\logback-core\1.5.18\logback-core-1.5.18.jar;C:\Users\AGOUROU GUSTAVE\.m2\repository\org\apache\logging\log4j\log4j-to-slf4j\2.24.3\log4j-to-slf4j-2.24.3.jar;C:\Users\AGOUROU GUSTAVE\.m2\repository\org\slf4j\jul-to-slf4j\2.0.17\jul-to-slf4j-2.0.17.jar;C:\Users\AGOUROU GUSTAVE\.m2\repository\jakarta\annotation\jakarta.annotation-api\2.1.1\jakarta.annotation-api-2.1.1.jar;C:\Users\AGOUROU GUSTAVE\.m2\repository\org\yaml\snakeyaml\2.4\snakeyaml-2.4.jar;C:\Users\AGOUROU GUSTAVE\.m2\repository\org\springframework\boot\spring-boot-starter-json\3.5.3\spring-boot-starter-json-3.5.3.jar;C:\Users\AGOUROU GUSTAVE\.m2\repository\com\fasterxml\jackson\core\jackson-databind\2.19.1\jackson-databind-2.19.1.jar;C:\Users\AGOUROU GUSTAVE\.m2\repository\com\fasterxml\jackson\core\jackson-annotations\2.19.1\jackson-annotations-2.19.1.jar;C:\Users\AGOUROU GUSTAVE\.m2\repository\com\fasterxml\jackson\core\jackson-core\2.19.1\jackson-core-2.19.1.jar;C:\Users\AGOUROU GUSTAVE\.m2\repository\com\fasterxml\jackson\datatype\jackson-datatype-jdk8\2.19.1\jackson-datatype-jdk8-2.19.1.jar;C:\Users\AGOUROU GUSTAVE\.m2\repository\com\fasterxml\jackson\datatype\jackson-datatype-jsr310\2.19.1\jackson-datatype-jsr310-2.19.1.jar;C:\Users\AGOUROU GUSTAVE\.m2\repository\com\fasterxml\jackson\module\jackson-module-parameter-names\2.19.1\jackson-module-parameter-names-2.19.1.jar;C:\Users\AGOUROU GUSTAVE\.m2\repository\org\springframework\boot\spring-boot-starter-tomcat\3.5.3\spring-boot-starter-tomcat-3.5.3.jar;C:\Users\AGOUROU GUSTAVE\.m2\repository\org\apache\tomcat\embed\tomcat-embed-core\10.1.42\tomcat-embed-core-10.1.42.jar;C:\Users\AGOUROU GUSTAVE\.m2\repository\org\apache\tomcat\embed\tomcat-embed-websocket\10.1.42\tomcat-embed-websocket-10.1.42.jar;C:\Users\AGOUROU GUSTAVE\.m2\repository\org\springframework\spring-web\6.2.8\spring-web-6.2.8.jar;C:\Users\AGOUROU GUSTAVE\.m2\repository\org\springframework\spring-beans\6.2.8\spring-beans-6.2.8.jar;C:\Users\AGOUROU GUSTAVE\.m2\repository\org\springframework\spring-webmvc\6.2.8\spring-webmvc-6.2.8.jar;C:\Users\AGOUROU GUSTAVE\.m2\repository\org\springframework\spring-aop\6.2.8\spring-aop-6.2.8.jar;C:\Users\AGOUROU GUSTAVE\.m2\repository\org\springframework\spring-context\6.2.8\spring-context-6.2.8.jar;C:\Users\AGOUROU GUSTAVE\.m2\repository\org\springframework\spring-expression\6.2.8\spring-expression-6.2.8.jar;C:\Users\AGOUROU GUSTAVE\.m2\repository\org\springframework\boot\spring-boot-starter-actuator\3.5.3\spring-boot-starter-actuator-3.5.3.jar;C:\Users\AGOUROU GUSTAVE\.m2\repository\org\springframework\boot\spring-boot-actuator-autoconfigure\3.5.3\spring-boot-actuator-autoconfigure-3.5.3.jar;C:\Users\AGOUROU GUSTAVE\.m2\repository\org\springframework\boot\spring-boot-actuator\3.5.3\spring-boot-actuator-3.5.3.jar;C:\Users\AGOUROU GUSTAVE\.m2\repository\io\micrometer\micrometer-observation\1.15.1\micrometer-observation-1.15.1.jar;C:\Users\AGOUROU GUSTAVE\.m2\repository\io\micrometer\micrometer-commons\1.15.1\micrometer-commons-1.15.1.jar;C:\Users\AGOUROU GUSTAVE\.m2\repository\io\micrometer\micrometer-jakarta9\1.15.1\micrometer-jakarta9-1.15.1.jar;C:\Users\AGOUROU GUSTAVE\.m2\repository\io\micrometer\micrometer-core\1.15.1\micrometer-core-1.15.1.jar;C:\Users\AGOUROU GUSTAVE\.m2\repository\org\hdrhistogram\HdrHistogram\2.2.2\HdrHistogram-2.2.2.jar;C:\Users\AGOUROU GUSTAVE\.m2\repository\org\latencyutils\LatencyUtils\2.0.3\LatencyUtils-2.0.3.jar;C:\Users\AGOUROU GUSTAVE\.m2\repository\org\springframework\boot\spring-boot-starter-validation\3.5.3\spring-boot-starter-validation-3.5.3.jar;C:\Users\AGOUROU GUSTAVE\.m2\repository\org\apache\tomcat\embed\tomcat-embed-el\10.1.42\tomcat-embed-el-10.1.42.jar;C:\Users\AGOUROU GUSTAVE\.m2\repository\org\hibernate\validator\hibernate-validator\8.0.2.Final\hibernate-validator-8.0.2.Final.jar;C:\Users\AGOUROU GUSTAVE\.m2\repository\jakarta\validation\jakarta.validation-api\3.0.2\jakarta.validation-api-3.0.2.jar;C:\Users\AGOUROU GUSTAVE\.m2\repository\org\jboss\logging\jboss-logging\3.6.1.Final\jboss-logging-3.6.1.Final.jar;C:\Users\AGOUROU GUSTAVE\.m2\repository\com\fasterxml\classmate\1.7.0\classmate-1.7.0.jar;C:\Users\AGOUROU GUSTAVE\.m2\repository\org\springframework\boot\spring-boot-starter-log4j2\3.5.3\spring-boot-starter-log4j2-3.5.3.jar;C:\Users\AGOUROU GUSTAVE\.m2\repository\org\apache\logging\log4j\log4j-slf4j2-impl\2.24.3\log4j-slf4j2-impl-2.24.3.jar;C:\Users\AGOUROU GUSTAVE\.m2\repository\org\apache\logging\log4j\log4j-api\2.24.3\log4j-api-2.24.3.jar;C:\Users\AGOUROU GUSTAVE\.m2\repository\org\slf4j\slf4j-api\2.0.17\slf4j-api-2.0.17.jar;C:\Users\AGOUROU GUSTAVE\.m2\repository\org\apache\logging\log4j\log4j-core\2.24.3\log4j-core-2.24.3.jar;C:\Users\AGOUROU GUSTAVE\.m2\repository\org\apache\logging\log4j\log4j-jul\2.24.3\log4j-jul-2.24.3.jar;C:\Users\AGOUROU GUSTAVE\.m2\repository\org\projectlombok\lombok\1.18.38\lombok-1.18.38.jar;C:\Users\AGOUROU GUSTAVE\.m2\repository\org\springframework\boot\spring-boot-devtools\3.5.3\spring-boot-devtools-3.5.3.jar;C:\Users\AGOUROU GUSTAVE\.m2\repository\org\springframework\boot\spring-boot\3.5.3\spring-boot-3.5.3.jar;C:\Users\AGOUROU GUSTAVE\.m2\repository\org\springframework\boot\spring-boot-autoconfigure\3.5.3\spring-boot-autoconfigure-3.5.3.jar;C:\Users\AGOUROU GUSTAVE\.m2\repository\org\springdoc\springdoc-openapi-starter-webmvc-ui\2.2.0\springdoc-openapi-starter-webmvc-ui-2.2.0.jar;C:\Users\AGOUROU GUSTAVE\.m2\repository\org\springdoc\springdoc-openapi-starter-webmvc-api\2.2.0\springdoc-openapi-starter-webmvc-api-2.2.0.jar;C:\Users\AGOUROU GUSTAVE\.m2\repository\org\springdoc\springdoc-openapi-starter-common\2.2.0\springdoc-openapi-starter-common-2.2.0.jar;C:\Users\AGOUROU GUSTAVE\.m2\repository\io\swagger\core\v3\swagger-core-jakarta\2.2.15\swagger-core-jakarta-2.2.15.jar;C:\Users\AGOUROU GUSTAVE\.m2\repository\org\apache\commons\commons-lang3\3.17.0\commons-lang3-3.17.0.jar;C:\Users\AGOUROU GUSTAVE\.m2\repository\io\swagger\core\v3\swagger-annotations-jakarta\2.2.15\swagger-annotations-jakarta-2.2.15.jar;C:\Users\AGOUROU GUSTAVE\.m2\repository\io\swagger\core\v3\swagger-models-jakarta\2.2.15\swagger-models-jakarta-2.2.15.jar;C:\Users\AGOUROU GUSTAVE\.m2\repository\com\fasterxml\jackson\dataformat\jackson-dataformat-yaml\2.19.1\jackson-dataformat-yaml-2.19.1.jar;C:\Users\AGOUROU GUSTAVE\.m2\repository\org\webjars\swagger-ui\5.2.0\swagger-ui-5.2.0.jar;C:\Users\AGOUROU GUSTAVE\.m2\repository\org\springframework\boot\spring-boot-starter-test\3.5.3\spring-boot-starter-test-3.5.3.jar;C:\Users\AGOUROU GUSTAVE\.m2\repository\org\springframework\boot\spring-boot-test\3.5.3\spring-boot-test-3.5.3.jar;C:\Users\AGOUROU GUSTAVE\.m2\repository\org\springframework\boot\spring-boot-test-autoconfigure\3.5.3\spring-boot-test-autoconfigure-3.5.3.jar;C:\Users\AGOUROU GUSTAVE\.m2\repository\com\jayway\jsonpath\json-path\2.9.0\json-path-2.9.0.jar;C:\Users\AGOUROU GUSTAVE\.m2\repository\jakarta\xml\bind\jakarta.xml.bind-api\4.0.2\jakarta.xml.bind-api-4.0.2.jar;C:\Users\AGOUROU GUSTAVE\.m2\repository\jakarta\activation\jakarta.activation-api\2.1.3\jakarta.activation-api-2.1.3.jar;C:\Users\AGOUROU GUSTAVE\.m2\repository\net\minidev\json-smart\2.5.2\json-smart-2.5.2.jar;C:\Users\AGOUROU GUSTAVE\.m2\repository\net\minidev\accessors-smart\2.5.2\accessors-smart-2.5.2.jar;C:\Users\AGOUROU GUSTAVE\.m2\repository\org\ow2\asm\asm\9.7.1\asm-9.7.1.jar;C:\Users\AGOUROU GUSTAVE\.m2\repository\org\awaitility\awaitility\4.2.2\awaitility-4.2.2.jar;C:\Users\AGOUROU GUSTAVE\.m2\repository\org\hamcrest\hamcrest\3.0\hamcrest-3.0.jar;C:\Users\AGOUROU GUSTAVE\.m2\repository\org\junit\jupiter\junit-jupiter\5.12.2\junit-jupiter-5.12.2.jar;C:\Users\AGOUROU GUSTAVE\.m2\repository\org\junit\jupiter\junit-jupiter-api\5.12.2\junit-jupiter-api-5.12.2.jar;C:\Users\AGOUROU GUSTAVE\.m2\repository\org\opentest4j\opentest4j\1.3.0\opentest4j-1.3.0.jar;C:\Users\AGOUROU GUSTAVE\.m2\repository\org\junit\platform\junit-platform-commons\1.12.2\junit-platform-commons-1.12.2.jar;C:\Users\AGOUROU GUSTAVE\.m2\repository\org\apiguardian\apiguardian-api\1.1.2\apiguardian-api-1.1.2.jar;C:\Users\AGOUROU GUSTAVE\.m2\repository\org\junit\jupiter\junit-jupiter-params\5.12.2\junit-jupiter-params-5.12.2.jar;C:\Users\AGOUROU GUSTAVE\.m2\repository\org\junit\jupiter\junit-jupiter-engine\5.12.2\junit-jupiter-engine-5.12.2.jar;C:\Users\AGOUROU GUSTAVE\.m2\repository\org\junit\platform\junit-platform-engine\1.12.2\junit-platform-engine-1.12.2.jar;C:\Users\AGOUROU GUSTAVE\.m2\repository\org\mockito\mockito-core\5.17.0\mockito-core-5.17.0.jar;C:\Users\AGOUROU GUSTAVE\.m2\repository\net\bytebuddy\byte-buddy-agent\1.17.6\byte-buddy-agent-1.17.6.jar;C:\Users\AGOUROU GUSTAVE\.m2\repository\org\objenesis\objenesis\3.3\objenesis-3.3.jar;C:\Users\AGOUROU GUSTAVE\.m2\repository\org\mockito\mockito-junit-jupiter\5.17.0\mockito-junit-jupiter-5.17.0.jar;C:\Users\AGOUROU GUSTAVE\.m2\repository\org\skyscreamer\jsonassert\1.5.3\jsonassert-1.5.3.jar;C:\Users\AGOUROU GUSTAVE\.m2\repository\com\vaadin\external\google\android-json\0.0.20131108.vaadin1\android-json-0.0.20131108.vaadin1.jar;C:\Users\AGOUROU GUSTAVE\.m2\repository\org\springframework\spring-core\6.2.8\spring-core-6.2.8.jar;C:\Users\AGOUROU GUSTAVE\.m2\repository\org\springframework\spring-jcl\6.2.8\spring-jcl-6.2.8.jar;C:\Users\AGOUROU GUSTAVE\.m2\repository\org\springframework\spring-test\6.2.8\spring-test-6.2.8.jar;C:\Users\AGOUROU GUSTAVE\.m2\repository\org\xmlunit\xmlunit-core\2.10.2\xmlunit-core-2.10.2.jar;C:\Users\AGOUROU GUSTAVE\.m2\repository\org\assertj\assertj-core\3.27.3\assertj-core-3.27.3.jar;C:\Users\AGOUROU GUSTAVE\.m2\repository\net\bytebuddy\byte-buddy\1.17.6\byte-buddy-1.17.6.jar;"/>
    <property name="sun.cpu.endian" value="little"/>
    <property name="user.home" value="C:\Users\AGOUROU GUSTAVE"/>
    <property name="user.language" value="fr"/>
    <property name="java.specification.vendor" value="Oracle Corporation"/>
    <property name="java.version.date" value="2025-07-15"/>
    <property name="java.home" value="C:\Users\AGOUROU GUSTAVE\AppData\Roaming\Code\User\globalStorage\pleiades.java-extension-pack-jdk\java\17"/>
    <property name="file.separator" value="\"/>
    <property name="basedir" value="C:\Users\AGOUROU GUSTAVE\Downloads\Open Classroom\P5\safetynet-alerts"/>
    <property name="java.vm.compressedOopsMode" value="32-bit"/>
    <property name="line.separator" value="&#10;"/>
    <property name="java.vm.specification.vendor" value="Oracle Corporation"/>
    <property name="java.specification.name" value="Java Platform API Specification"/>
    <property name="FILE_LOG_CHARSET" value="windows-1252"/>
    <property name="java.awt.headless" value="true"/>
    <property name="surefire.real.class.path" value="C:\Users\AGOUROU GUSTAVE\AppData\Local\Temp\surefire3205074112948236754\surefirebooter-20250730125403755_3.jar"/>
    <property name="user.script" value=""/>
    <property name="sun.management.compiler" value="HotSpot 64-Bit Tiered Compilers"/>
    <property name="java.runtime.version" value="17.0.16+8"/>
    <property name="user.name" value="AGOUROU GUSTAVE"/>
    <property name="path.separator" value=";"/>
    <property name="os.version" value="10.0"/>
    <property name="java.runtime.name" value="OpenJDK Runtime Environment"/>
    <property name="file.encoding" value="Cp1252"/>
    <property name="java.vm.name" value="OpenJDK 64-Bit Server VM"/>
    <property name="java.vendor.version" value="Temurin-17.0.16+8"/>
    <property name="localRepository" value="C:\Users\AGOUROU GUSTAVE\.m2\repository"/>
    <property name="java.vendor.url.bug" value="https://github.com/adoptium/adoptium-support/issues"/>
    <property name="java.io.tmpdir" value="C:\Users\AGOURO~1\AppData\Local\Temp\"/>
    <property name="java.version" value="17.0.16"/>
    <property name="user.dir" value="C:\Users\AGOUROU GUSTAVE\Downloads\Open Classroom\P5\safetynet-alerts"/>
    <property name="os.arch" value="amd64"/>
    <property name="java.vm.specification.name" value="Java Virtual Machine Specification"/>
    <property name="PID" value="12576"/>
    <property name="sun.os.patch.level" value=""/>
    <property name="CONSOLE_LOG_CHARSET" value="windows-1252"/>
    <property name="native.encoding" value="Cp1252"/>
    <property name="java.library.path" value="C:\Users\AGOUROU GUSTAVE\AppData\Roaming\Code\User\globalStorage\pleiades.java-extension-pack-jdk\java\17\bin;C:\WINDOWS\Sun\Java\bin;C:\WINDOWS\system32;C:\WINDOWS;C:\Users\AGOUROU GUSTAVE\AppData\Roaming\Code\User\globalStorage\pleiades.java-extension-pack-jdk\gradle\latest\bin;C:\Program Files\apache-maven-3.9.9\bin;C:\Users\AGOUROU GUSTAVE\AppData\Roaming\Code\User\globalStorage\pleiades.java-extension-pack-jdk\java\17\bin;C:\Users\AGOUROU GUSTAVE\Downloads\apache-maven-3.9.9-bin\apache-maven-3.9.9\bin;C:\Program Files\Eclipse Adoptium\jdk-17.0.15+6\bin;C:\Program Files\Common Files\Oracle\Java\javapath;C:\Program Files (x86)\Intel\iCLS Client\;C:\Program Files\Intel\iCLS Client\;C:\WINDOWS\system32;C:\WINDOWS;C:\WINDOWS\System32\Wbem;C:\WINDOWS\System32\WindowsPowerShell\v1.0\;C:\WINDOWS\System32\OpenSSH\;C:\Program Files (x86)\Intel\Intel(R) Management Engine Components\DAL;C:\Program Files\Intel\Intel(R) Management Engine Components\DAL;C:\Program Files (x86)\Intel\Intel(R) Management Engine Components\IPT;C:\Program Files\Intel\Intel(R) Management Engine Components\IPT;C:\Users\AGOUROU GUSTAVE\Downloads\platform-tools_r34.0.3-windows\platform-tools;C:\Program Files\mingw64\bin;C:\Program Files\Git\cmd;C:\Program Files\apache-maven-3.9.9\bin;C:\Program Files\JavaUSBComplete\bin;C:\Windows\Installer\{5D847F4E-C86E-4EEC-8E84-E13E00C48891};C:\Program Files\MySQL\MySQL Server 8.0\bin;C:\Program Files\OpenSSL-Win64\bin;C:\railway\;C:\Users\AGOUROU GUSTAVE\Desktop\Microsoft VS Code\bin;C:\railway\;C:\Program Files\MongoDB\Server\8.0\bin;C:\Program Files\nodejs\;C:\Users\AGOUROU GUSTAVE\AppData\Roaming\npm;;C:\Program Files\Docker\Docker\resources\bin;;C:\Users\AGOUROU GUSTAVE\Desktop\Microsoft VS Code\bin;C:\Users\AGOUROU GUSTAVE\AppData\Local\Programs\mongosh\;C:\Users\AGOUROU GUSTAVE\AppData\Roaming\npm;."/>
    <property name="java.vm.info" value="mixed mode, sharing"/>
    <property name="java.vendor" value="Eclipse Adoptium"/>
    <property name="java.vm.version" value="17.0.16+8"/>
    <property name="java.specification.maintenance.version" value="1"/>
    <property name="sun.io.unicode.encoding" value="UnicodeLittle"/>
    <property name="java.class.version" value="61.0"/>
    <property name="LOGGED_APPLICATION_NAME" value="[safetynet-alerts] "/>
  </properties>
  <testcase name="testUpdateMedicalRecords" classname="com.safetynet.medicalRecord.MedicalRecordIT" time="0.566">
    <system-out><![CDATA[2025-07-30T12:54:42.441+02:00  INFO 12576 --- [safetynet-alerts] [           main] t.c.s.AnnotationConfigContextLoaderUtils : Could not detect default configuration classes for test class [com.safetynet.medicalRecord.MedicalRecordIT]: MedicalRecordIT does not declare any static, non-private, non-final, nested classes annotated with @Configuration.
2025-07-30T12:54:42.501+02:00  INFO 12576 --- [safetynet-alerts] [           main] .b.t.c.SpringBootTestContextBootstrapper : Found @SpringBootConfiguration com.safetynet.SafetynetApplication for test class com.safetynet.medicalRecord.MedicalRecordIT
2025-07-30T12:54:42.531+02:00  INFO 12576 --- [safetynet-alerts] [           main] o.s.b.d.r.RestartApplicationListener     : Restart disabled due to context in which it is running

  .   ____          _            __ _ _
 /\\ / ___'_ __ _ _(_)_ __  __ _ \ \ \ \
( ( )\___ | '_ | '_| | '_ \/ _` | \ \ \ \
 \\/  ___)| |_)| | | | | || (_| |  ) ) ) )
  '  |____| .__|_| |_|_| |_\__, | / / / /
 =========|_|==============|___/=/_/_/_/

 :: Spring Boot ::                (v3.5.3)

2025-07-30T12:54:42.805+02:00  INFO 12576 --- [safetynet-alerts] [           main] c.s.medicalRecord.MedicalRecordIT        : Starting MedicalRecordIT using Java 17.0.16 with PID 12576 (started by AGOUROU GUSTAVE in C:\Users\AGOUROU GUSTAVE\Downloads\Open Classroom\P5\safetynet-alerts)
2025-07-30T12:54:42.806+02:00  INFO 12576 --- [safetynet-alerts] [           main] c.s.medicalRecord.MedicalRecordIT        : No active profile set, falling back to 1 default profile: "default"
2025-07-30T12:54:42.828+02:00 DEBUG 12576 --- [safetynet-alerts] [           main] o.s.w.c.s.GenericWebApplicationContext   : Refreshing org.springframework.web.context.support.GenericWebApplicationContext@4b7cc75b
2025-07-30T12:54:45.414+02:00 DEBUG 12576 --- [safetynet-alerts] [           main] s.w.s.m.m.a.RequestMappingHandlerMapping : 22 mappings in 'requestMappingHandlerMapping'
2025-07-30T12:54:45.512+02:00 DEBUG 12576 --- [safetynet-alerts] [           main] o.s.w.s.handler.SimpleUrlHandlerMapping  : Patterns [/webjars/**, /**, /swagger-ui*/*swagger-initializer.js, /swagger-ui*/**] in 'resourceHandlerMapping'
2025-07-30T12:54:45.526+02:00 DEBUG 12576 --- [safetynet-alerts] [           main] s.w.s.m.m.a.RequestMappingHandlerAdapter : ControllerAdvice beans: 0 @ModelAttribute, 0 @InitBinder, 1 RequestBodyAdvice, 1 ResponseBodyAdvice
2025-07-30T12:54:45.562+02:00 DEBUG 12576 --- [safetynet-alerts] [           main] .m.m.a.ExceptionHandlerExceptionResolver : ControllerAdvice beans: 2 @ExceptionHandler, 1 ResponseBodyAdvice
2025-07-30T12:54:46.274+02:00 DEBUG 12576 --- [safetynet-alerts] [           main] o.s.w.f.ServerHttpObservationFilter      : Filter 'webMvcObservationFilter' configured for use
2025-07-30T12:54:46.276+02:00  INFO 12576 --- [safetynet-alerts] [           main] o.s.b.t.m.w.SpringBootMockServletContext : Initializing Spring TestDispatcherServlet ''
2025-07-30T12:54:46.291+02:00  INFO 12576 --- [safetynet-alerts] [           main] o.s.t.web.servlet.TestDispatcherServlet  : Initializing Servlet ''
2025-07-30T12:54:46.305+02:00  INFO 12576 --- [safetynet-alerts] [           main] o.s.b.a.e.web.EndpointLinksResolver      : Exposing 1 endpoint beneath base path '/actuator'
2025-07-30T12:54:46.324+02:00  INFO 12576 --- [safetynet-alerts] [           main] o.s.t.web.servlet.TestDispatcherServlet  : Completed initialization in 33 ms
2025-07-30T12:54:46.558+02:00  INFO 12576 --- [safetynet-alerts] [           main] c.s.medicalRecord.MedicalRecordIT        : Started MedicalRecordIT in 4.031 seconds (process running for 42.489)
2025-07-30T12:54:46.663+02:00 DEBUG 12576 --- [safetynet-alerts] [           main] s.w.s.m.m.a.RequestMappingHandlerMapping : Mapped to com.safetynet.controller.MedicalRecordController#mettreAJour(List)
2025-07-30T12:54:46.744+02:00 DEBUG 12576 --- [safetynet-alerts] [           main] m.m.a.RequestResponseBodyMethodProcessor : Read "application/json;charset=UTF-8" to [[MedicalRecord(firstName=Jack, lastName=Will, birthdate=01/01/1990, medications=[paracetamol], aller (truncated)...]
2025-07-30T12:54:47.117+02:00  INFO 12576 --- [safetynet-alerts] [           main] c.s.service.MedicalRecordService         : Mise à jour des dossiers médicaux
2025-07-30T12:54:47.126+02:00  INFO 12576 --- [safetynet-alerts] [           main] c.s.service.dataService.DataLoad         : Fichier Json lu avec succès : C:\Users\AGOUROU GUSTAVE\Downloads\Open Classroom\P5\safetynet-alerts\src\main\resources\data\dataFile.json
2025-07-30T12:54:47.127+02:00  WARN 12576 --- [safetynet-alerts] [           main] c.s.service.MedicalRecordService         : Aucune correspondance trouvée pour le dossier médical : Jack Will
2025-07-30T12:54:47.144+02:00  INFO 12576 --- [safetynet-alerts] [           main] c.s.service.dataService.DataLoad         : Fichier Json mis à jour avec succès : C:\Users\AGOUROU GUSTAVE\Downloads\Open Classroom\P5\safetynet-alerts\src\main\resources\data\dataFile.json
2025-07-30T12:54:47.144+02:00  INFO 12576 --- [safetynet-alerts] [           main] c.s.service.MedicalRecordService         : Mise à jour des dossiers médicaux terminée
2025-07-30T12:54:47.144+02:00  INFO 12576 --- [safetynet-alerts] [           main] c.s.controller.MedicalRecordController   : Dossiers médiacales mis à jour avec succès.
2025-07-30T12:54:47.146+02:00 DEBUG 12576 --- [safetynet-alerts] [           main] m.m.a.RequestResponseBodyMethodProcessor : Using 'application/json', given [*/*] and supported [application/json, application/*+json, application/yaml]
2025-07-30T12:54:47.147+02:00 DEBUG 12576 --- [safetynet-alerts] [           main] m.m.a.RequestResponseBodyMethodProcessor : Writing [[MedicalRecord(firstName=John, lastName=Boyd, birthdate=03/06/1984, medications=[aznol:350mg, hydrap (truncated)...]
]]></system-out>
  </testcase>
  <testcase name="testDeleteMedicalRecords" classname="com.safetynet.medicalRecord.MedicalRecordIT" time="0.062">
    <system-out><![CDATA[2025-07-30T12:54:47.196+02:00 DEBUG 12576 --- [safetynet-alerts] [           main] s.w.s.m.m.a.RequestMappingHandlerMapping : Mapped to com.safetynet.controller.MedicalRecordController#supprimer(List)
2025-07-30T12:54:47.199+02:00 DEBUG 12576 --- [safetynet-alerts] [           main] m.m.a.RequestResponseBodyMethodProcessor : Read "application/json;charset=UTF-8" to [[MedicalRecord(firstName=Jack, lastName=Will, birthdate=01/01/1990, medications=[aspirin, ibuprofen] (truncated)...]
2025-07-30T12:54:47.201+02:00  INFO 12576 --- [safetynet-alerts] [           main] c.s.service.MedicalRecordService         : Suppression des dossiers médicaux
2025-07-30T12:54:47.207+02:00  INFO 12576 --- [safetynet-alerts] [           main] c.s.service.dataService.DataLoad         : Fichier Json lu avec succès : C:\Users\AGOUROU GUSTAVE\Downloads\Open Classroom\P5\safetynet-alerts\src\main\resources\data\dataFile.json
2025-07-30T12:54:47.210+02:00  WARN 12576 --- [safetynet-alerts] [           main] c.s.service.MedicalRecordService         : Aucun dossier médical trouvé pour suppression.
2025-07-30T12:54:47.217+02:00  INFO 12576 --- [safetynet-alerts] [           main] c.s.service.dataService.DataLoad         : Fichier Json mis à jour avec succès : C:\Users\AGOUROU GUSTAVE\Downloads\Open Classroom\P5\safetynet-alerts\src\main\resources\data\dataFile.json
2025-07-30T12:54:47.220+02:00  INFO 12576 --- [safetynet-alerts] [           main] c.s.service.MedicalRecordService         : Suppression des dossiers médicaux terminée
2025-07-30T12:54:47.220+02:00  INFO 12576 --- [safetynet-alerts] [           main] c.s.controller.MedicalRecordController   : Dossiers médiacales supprimés avec succès.
2025-07-30T12:54:47.221+02:00 DEBUG 12576 --- [safetynet-alerts] [           main] m.m.a.RequestResponseBodyMethodProcessor : Using 'application/json', given [*/*] and supported [application/json, application/*+json, application/yaml]
2025-07-30T12:54:47.223+02:00 DEBUG 12576 --- [safetynet-alerts] [           main] m.m.a.RequestResponseBodyMethodProcessor : Writing [[MedicalRecord(firstName=Jack, lastName=Will, birthdate=01/01/1990, medications=[aspirin, ibuprofen] (truncated)...]
]]></system-out>
  </testcase>
  <testcase name="testAddMedicalRecords" classname="com.safetynet.medicalRecord.MedicalRecordIT" time="0.096">
    <system-out><![CDATA[2025-07-30T12:54:47.280+02:00 DEBUG 12576 --- [safetynet-alerts] [           main] s.w.s.m.m.a.RequestMappingHandlerMapping : Mapped to com.safetynet.controller.MedicalRecordController#creer(List)
2025-07-30T12:54:47.301+02:00 DEBUG 12576 --- [safetynet-alerts] [           main] m.m.a.RequestResponseBodyMethodProcessor : Read "application/json;charset=UTF-8" to [[MedicalRecord(firstName=Jack, lastName=Will, birthdate=01/01/1990, medications=[aspirin, ibuprofen] (truncated)...]
2025-07-30T12:54:47.321+02:00  INFO 12576 --- [safetynet-alerts] [           main] c.s.service.dataService.DataLoad         : Fichier Json lu avec succès : C:\Users\AGOUROU GUSTAVE\Downloads\Open Classroom\P5\safetynet-alerts\src\main\resources\data\dataFile.json
2025-07-30T12:54:47.334+02:00 DEBUG 12576 --- [safetynet-alerts] [           main] .m.m.a.ExceptionHandlerExceptionResolver : Using @ExceptionHandler com.safetynet.exceptions.GlobalExceptions#handleIllegalArgumentException(IllegalArgumentException)
2025-07-30T12:54:47.339+02:00 DEBUG 12576 --- [safetynet-alerts] [           main] o.s.w.s.m.m.a.HttpEntityMethodProcessor  : Using 'text/plain', given [*/*] and supported [text/plain, */*, application/json, application/*+json, application/yaml]
2025-07-30T12:54:47.340+02:00 DEBUG 12576 --- [safetynet-alerts] [           main] o.s.w.s.m.m.a.HttpEntityMethodProcessor  : Writing ["Erreur : Aucune personne associée au dossier médical : Jack Will"]
2025-07-30T12:54:47.344+02:00 DEBUG 12576 --- [safetynet-alerts] [           main] .m.m.a.ExceptionHandlerExceptionResolver : Resolved [java.lang.IllegalArgumentException: Aucune personne associée au dossier médical : Jack Will]
]]></system-out>
  </testcase>
</testsuite>